<?xml version="1.0" encoding="UTF-8"?>
<!-- Generated by org.testng.reporters.JUnitReportReporter -->
<testsuite skipped="1" hostname="DESKTOP-6M9B03E" name="demo.TestNGIgnoreDemo" tests="4" failures="0" timestamp="2019-11-19T16:03:18 EST" time="0.013" errors="0">
  <testcase name="test1" time="0.011" classname="demo.TestNGIgnoreDemo"/>
  <testcase name="test2" time="0.001" classname="demo.TestNGIgnoreDemo"/>
  <testcase name="test4" time="0.001" classname="demo.TestNGIgnoreDemo"/>
  <testcase name="test3" classname="demo.TestNGIgnoreDemo">
    <skipped/>
  </testcase> <!-- test3 -->
</testsuite> <!-- demo.TestNGIgnoreDemo -->
