<?xml version="1.0" encoding="UTF-8"?>
<!-- Generated by org.testng.reporters.JUnitReportReporter -->
<testsuite skipped="0" hostname="DESKTOP-6M9B03E" name="zalenium.dockerGoogleSearchChrome" tests="1" failures="0" timestamp="24 Mar 2020 20:22:46 GMT" time="29.052" errors="0">
  <testcase name="googleSearch" time="29.052" classname="zalenium.dockerGoogleSearchChrome"/>
</testsuite> <!-- zalenium.dockerGoogleSearchChrome -->
