<?xml version="1.0" encoding="UTF-8"?>
<!-- Generated by org.testng.reporters.JUnitReportReporter -->
<testsuite skipped="0" hostname="DESKTOP-6M9B03E" name="demo.TestNGPriorityDemo" tests="6" failures="0" timestamp="2019-11-18T16:00:36 EST" time="0.023" errors="0">
  <testcase name="test2" time="0.013" classname="demo.TestNGPriorityDemo"/>
  <testcase name="test6" time="0.002" classname="demo.TestNGPriorityDemo"/>
  <testcase name="test4" time="0.002" classname="demo.TestNGPriorityDemo"/>
  <testcase name="test3" time="0.002" classname="demo.TestNGPriorityDemo"/>
  <testcase name="test5" time="0.002" classname="demo.TestNGPriorityDemo"/>
  <testcase name="test1" time="0.002" classname="demo.TestNGPriorityDemo"/>
</testsuite> <!-- demo.TestNGPriorityDemo -->
