<?xml version="1.0" encoding="UTF-8"?>
<!-- Generated by org.testng.reporters.JUnitReportReporter -->
<testsuite skipped="0" hostname="DESKTOP-6M9B03E" name="test.ExtentReportsDemoWithTestNG" tests="2" failures="0" timestamp="2019-10-29T16:56:25 EDT" time="0.851" errors="0">
  <testcase name="test1" time="0.848" classname="test.ExtentReportsDemoWithTestNG"/>
  <testcase name="test2" time="0.003" classname="test.ExtentReportsDemoWithTestNG"/>
</testsuite> <!-- test.ExtentReportsDemoWithTestNG -->
