<?xml version="1.0" encoding="UTF-8"?>
<!-- Generated by org.testng.reporters.JUnitReportReporter -->
<testsuite skipped="0" hostname="DESKTOP-6M9B03E" name="baseClass.invalidLoginTest" tests="2" failures="0" timestamp="2019-12-05T16:11:13 EST" time="16.007" errors="0">
  <testcase name="loginToApplication" time="8.660" classname="baseClass.invalidLoginTest"/>
  <testcase name="loginToApplication1" time="7.347" classname="baseClass.invalidLoginTest"/>
</testsuite> <!-- baseClass.invalidLoginTest -->
