<?xml version="1.0" encoding="UTF-8"?>
<!-- Generated by org.testng.reporters.JUnitReportReporter -->
<testsuite skipped="0" hostname="DESKTOP-6M9B03E" name="utils.ExcelDataProvider" tests="4" failures="0" timestamp="07 Feb 2020 15:37:54 GMT" time="20.186" errors="0">
  <testcase name="test1" time="4.449" classname="utils.ExcelDataProvider"/>
  <testcase name="test1" time="5.029" classname="utils.ExcelDataProvider"/>
  <testcase name="test1" time="6.264" classname="utils.ExcelDataProvider"/>
  <testcase name="test1" time="4.444" classname="utils.ExcelDataProvider"/>
</testsuite> <!-- utils.ExcelDataProvider -->
