<?xml version="1.0" encoding="UTF-8"?>
<!-- Generated by org.testng.reporters.JUnitReportReporter -->
<testsuite skipped="0" hostname="DESKTOP-6M9B03E" name="com.wordpress.Testcases.VerifyWordpressLoginWithParams" tests="2" failures="0" timestamp="10 Feb 2020 23:08:52 GMT" time="16.343" errors="0">
  <testcase name="VerifyValidLogin" time="8.456" classname="com.wordpress.Testcases.VerifyWordpressLoginWithParams"/>
  <testcase name="VerifyValidLoginWithParams" time="7.887" classname="com.wordpress.Testcases.VerifyWordpressLoginWithParams"/>
</testsuite> <!-- com.wordpress.Testcases.VerifyWordpressLoginWithParams -->
