<?xml version="1.0" encoding="UTF-8"?>
<!-- Generated by org.testng.reporters.JUnitReportReporter -->
<testsuite skipped="0" hostname="DESKTOP-6M9B03E" name="com.docker.dockerGoogleSearchFireFox" tests="1" failures="0" timestamp="18 Mar 2020 15:36:49 GMT" time="31.637" errors="0">
  <testcase name="googleSearch" time="31.637" classname="com.docker.dockerGoogleSearchFireFox"/>
</testsuite> <!-- com.docker.dockerGoogleSearchFireFox -->
