<?xml version="1.0" encoding="UTF-8"?>
<!-- Generated by org.testng.reporters.JUnitReportReporter -->
<testsuite skipped="0" hostname="DESKTOP-6M9B03E" name="test.googleSearchWithTestNG2" tests="2" failures="0" timestamp="2019-11-08T17:27:23 EST" time="4.066" errors="0">
  <testcase name="googleSearchTest1" time="2.077" classname="test.googleSearchWithTestNG2"/>
  <testcase name="googleSearchTest" time="1.989" classname="test.googleSearchWithTestNG2"/>
</testsuite> <!-- test.googleSearchWithTestNG2 -->
