<?xml version="1.0" encoding="UTF-8"?>
<!-- Generated by org.testng.reporters.JUnitReportReporter -->
<testsuite skipped="0" hostname="DESKTOP-6M9B03E" name="demo.TestNGDependencyDemo" tests="8" failures="0" timestamp="2019-11-19T14:42:38 EST" time="0.015" errors="0">
  <testcase name="test5" time="0.001" classname="demo.TestNGDependencyDemo"/>
  <testcase name="test3" time="0.009" classname="demo.TestNGDependencyDemo"/>
  <testcase name="test7" time="0.001" classname="demo.TestNGDependencyDemo"/>
  <testcase name="test4" time="0.001" classname="demo.TestNGDependencyDemo"/>
  <testcase name="test6" time="0.001" classname="demo.TestNGDependencyDemo"/>
  <testcase name="test8" time="0.001" classname="demo.TestNGDependencyDemo"/>
  <testcase name="test1" time="0.000" classname="demo.TestNGDependencyDemo"/>
  <testcase name="test2" time="0.001" classname="demo.TestNGDependencyDemo"/>
</testsuite> <!-- demo.TestNGDependencyDemo -->
