<?xml version="1.0" encoding="UTF-8"?>
<!-- Generated by org.testng.reporters.JUnitReportReporter -->
<testsuite skipped="0" hostname="DESKTOP-6M9B03E" name="demo.WindowSizeChromeDemo" tests="1" failures="0" timestamp="03 Mar 2020 13:42:14 GMT" time="25.540" errors="0">
  <testcase name="test" time="25.540" classname="demo.WindowSizeChromeDemo"/>
</testsuite> <!-- demo.WindowSizeChromeDemo -->
