<?xml version="1.0" encoding="UTF-8"?>
<!-- Generated by org.testng.reporters.JUnitReportReporter -->
<testsuite skipped="0" hostname="DESKTOP-6M9B03E" name="com.docker.dockerGoogleSearchChrome" tests="1" failures="0" timestamp="19 Mar 2020 18:39:36 GMT" time="16.335" errors="0">
  <testcase name="googleSearch" time="16.335" classname="com.docker.dockerGoogleSearchChrome"/>
</testsuite> <!-- com.docker.dockerGoogleSearchChrome -->
