<?xml version="1.0" encoding="UTF-8"?>
<!-- Generated by org.testng.reporters.JUnitReportReporter -->
<testsuite skipped="0" hostname="DESKTOP-6M9B03E" name="UniversalWebDriver.firstTest" tests="1" failures="0" timestamp="2019-12-03T17:13:02 EST" time="15.938" errors="0">
  <testcase name="test1" time="15.938" classname="UniversalWebDriver.firstTest"/>
</testsuite> <!-- UniversalWebDriver.firstTest -->
