<?xml version="1.0" encoding="UTF-8"?>
<!-- Generated by org.testng.reporters.JUnitReportReporter -->
<testsuite skipped="0" hostname="DESKTOP-6M9B03E" name="demo.KatalonRecordedTest" tests="1" failures="0" timestamp="2019-11-19T17:45:51 EST" time="4.032" errors="0">
  <testcase name="test1" time="4.032" classname="demo.KatalonRecordedTest"/>
</testsuite> <!-- demo.KatalonRecordedTest -->
