<?xml version="1.0" encoding="UTF-8"?>
<!-- Generated by org.testng.reporters.JUnitReportReporter -->
<testsuite skipped="0" hostname="DESKTOP-6M9B03E" name="demo.TestShowcaseDesignersSite" tests="6" failures="0" timestamp="2021-09-22T10:41:09 EDT" time="31.806" errors="0">
  <testcase name="openUrl" time="6.484" classname="demo.TestShowcaseDesignersSite"/>
  <system-out>
=======openUrl Started======= =======openUrl Ended=======  </system-out>
  <testcase name="clickOnShowcase" time="5.078" classname="demo.TestShowcaseDesignersSite"/>
  <system-out>
=======clickOnShowcase Started======= =======clickOnShowcase Ended=======  </system-out>
  <testcase name="clickOnServices" time="5.063" classname="demo.TestShowcaseDesignersSite"/>
  <system-out>
=======clickOnServices Started======= =======clickOnServices Ended=======  </system-out>
  <testcase name="clickOnDesigners" time="5.059" classname="demo.TestShowcaseDesignersSite"/>
  <system-out>
=======clickOnDesigners Started======= =======clickOnDesigners Ended=======  </system-out>
  <testcase name="clickOnPackages" time="5.058" classname="demo.TestShowcaseDesignersSite"/>
  <system-out>
=======clickOnPackages Started======= =======clickOnPackages Ended=======  </system-out>
  <testcase name="clickOnContact" time="5.064" classname="demo.TestShowcaseDesignersSite"/>
  <system-out>
=======clickOnContact Started======= =======clickOnContact Ended=======  </system-out>
</testsuite> <!-- demo.TestShowcaseDesignersSite -->
