<?xml version="1.0" encoding="UTF-8"?>
<!-- Generated by org.testng.reporters.JUnitReportReporter -->
<testsuite skipped="0" hostname="DESKTOP-6M9B03E" name="demo.WindowSizeChromeDemo" tests="1" failures="0" timestamp="2019-11-26T16:59:52 EST" time="13.455" errors="0">
  <testcase name="test" time="13.455" classname="demo.WindowSizeChromeDemo"/>
</testsuite> <!-- demo.WindowSizeChromeDemo -->
