<?xml version="1.0" encoding="UTF-8"?>
<!-- Generated by org.testng.reporters.JUnitReportReporter -->
<testsuite skipped="0" hostname="DESKTOP-6M9B03E" name="utils.ExcelDataProvider" tests="4" failures="0" timestamp="2019-11-14T18:29:33 EST" time="18.410" errors="0">
  <testcase name="test1" time="4.863" classname="utils.ExcelDataProvider"/>
  <testcase name="test1" time="4.397" classname="utils.ExcelDataProvider"/>
  <testcase name="test1" time="4.365" classname="utils.ExcelDataProvider"/>
  <testcase name="test1" time="4.785" classname="utils.ExcelDataProvider"/>
</testsuite> <!-- utils.ExcelDataProvider -->
