<?xml version="1.0" encoding="UTF-8"?>
<!-- Generated by org.testng.reporters.JUnitReportReporter -->
<testsuite skipped="0" hostname="DESKTOP-6M9B03E" name="buildingBlocks.Search_T_SHIRTS_TestNG" tests="3" failures="0" timestamp="23 Jan 2020 22:36:53 GMT" time="17.404" errors="0">
  <testcase name="automationSignIn" time="6.554" classname="buildingBlocks.Search_T_SHIRTS_TestNG"/>
  <testcase name="search_T_Shirts" time="4.689" classname="buildingBlocks.Search_T_SHIRTS_TestNG"/>
  <testcase name="signOut" time="6.161" classname="buildingBlocks.Search_T_SHIRTS_TestNG"/>
</testsuite> <!-- buildingBlocks.Search_T_SHIRTS_TestNG -->
