<?xml version="1.0" encoding="UTF-8"?>
<!-- Generated by org.testng.reporters.JUnitReportReporter -->
<testsuite skipped="0" hostname="DESKTOP-6M9B03E" name="buildingBlocks.Search_T_SHIRTS_TestNG" tests="3" failures="0" timestamp="27 Jan 2020 22:33:40 GMT" time="9.969" errors="0">
  <testcase name="search_T_Shirts" time="1.927" classname="buildingBlocks.Search_T_SHIRTS_TestNG"/>
  <testcase name="automationSignIn" time="2.143" classname="buildingBlocks.Search_T_SHIRTS_TestNG"/>
  <testcase name="signOut" time="5.899" classname="buildingBlocks.Search_T_SHIRTS_TestNG"/>
</testsuite> <!-- buildingBlocks.Search_T_SHIRTS_TestNG -->
