<?xml version="1.0" encoding="UTF-8"?>
<!-- Generated by org.testng.reporters.JUnitReportReporter -->
<testsuite skipped="0" hostname="DESKTOP-6M9B03E" name="demo.WindowSizeChromeDemo" tests="1" failures="0" timestamp="2020-05-13T14:54:10 EDT" time="10.798" errors="0">
  <testcase name="login" time="10.798" classname="demo.WindowSizeChromeDemo"/>
  <system-out>
=======Login Ended=======  </system-out>
</testsuite> <!-- demo.WindowSizeChromeDemo -->
