<?xml version="1.0" encoding="UTF-8"?>
<!-- Generated by org.testng.reporters.JUnitReportReporter -->
<testsuite skipped="1" hostname="DESKTOP-6M9B03E" name="listeners.TestNGListenerDemo3" tests="3" failures="0" timestamp="2019-11-15T16:03:55 EST" time="17.542" errors="0">
  <testcase name="test4" time="0.001" classname="listeners.TestNGListenerDemo3"/>
  <testcase name="test6" time="0.001" classname="listeners.TestNGListenerDemo3">
    <skipped/>
  </testcase> <!-- test6 -->
  <testcase name="test5" time="17.540" classname="listeners.TestNGListenerDemo3"/>
</testsuite> <!-- listeners.TestNGListenerDemo3 -->
