<?xml version="1.0" encoding="UTF-8"?>
<!-- Generated by org.testng.reporters.JUnitReportReporter -->
<testsuite skipped="0" hostname="DESKTOP-6M9B03E" name="demo.TestNGGroupDemo1" tests="4" failures="0" timestamp="2019-11-18T18:32:38 EST" time="0.016" errors="0">
  <testcase name="test2" time="0.011" classname="demo.TestNGGroupDemo1"/>
  <testcase name="test5" time="0.002" classname="demo.TestNGGroupDemo1"/>
  <testcase name="test3" time="0.001" classname="demo.TestNGGroupDemo1"/>
  <testcase name="test4" time="0.002" classname="demo.TestNGGroupDemo1"/>
</testsuite> <!-- demo.TestNGGroupDemo1 -->
