<?xml version="1.0" encoding="UTF-8"?>
<!-- Generated by org.testng.reporters.JUnitReportReporter -->
<testsuite skipped="0" hostname="DESKTOP-6M9B03E" name="com.wordpress.Testcases.VerifyWordpressLoginWithParams" tests="1" failures="0" timestamp="10 Feb 2020 22:38:19 GMT" time="9.861" errors="0">
  <testcase name="VerifyValidLogin" time="9.861" classname="com.wordpress.Testcases.VerifyWordpressLoginWithParams"/>
</testsuite> <!-- com.wordpress.Testcases.VerifyWordpressLoginWithParams -->
