<?xml version="1.0" encoding="UTF-8"?>
<!-- Generated by org.testng.reporters.JUnitReportReporter -->
<testsuite skipped="0" hostname="DESKTOP-6M9B03E" name="utils.ExcelDataProvider" tests="4" failures="0" timestamp="05 Feb 2020 21:04:16 GMT" time="21.902" errors="0">
  <testcase name="test1" time="4.546" classname="utils.ExcelDataProvider"/>
  <testcase name="test1" time="6.651" classname="utils.ExcelDataProvider"/>
  <testcase name="test1" time="6.240" classname="utils.ExcelDataProvider"/>
  <testcase name="test1" time="4.465" classname="utils.ExcelDataProvider"/>
</testsuite> <!-- utils.ExcelDataProvider -->
