<?xml version="1.0" encoding="UTF-8"?>
<!-- Generated by org.testng.reporters.JUnitReportReporter -->
<testsuite skipped="0" hostname="DESKTOP-6M9B03E" name="demo.TestNGParametersDemo" tests="1" failures="0" timestamp="2019-11-26T15:36:49 EST" time="0.011" errors="0">
  <testcase name="test" time="0.011" classname="demo.TestNGParametersDemo"/>
</testsuite> <!-- demo.TestNGParametersDemo -->
