<?xml version="1.0" encoding="UTF-8"?>
<!-- Generated by org.testng.reporters.JUnitReportReporter -->
<testsuite skipped="0" hostname="DESKTOP-6M9B03E" name="demo.Test1" tests="1" failures="0" timestamp="2019-11-19T17:43:18 EST" time="3.559" errors="0">
  <testcase name="test1" time="3.559" classname="demo.Test1"/>
</testsuite> <!-- demo.Test1 -->
