<?xml version="1.0" encoding="UTF-8"?>
<!-- Generated by org.testng.reporters.JUnitReportReporter -->
<testsuite skipped="0" hostname="DESKTOP-6M9B03E" name="demo.TestNGGroupDemo" tests="2" failures="0" timestamp="2019-11-18T18:18:30 EST" time="0.012" errors="0">
  <testcase name="test2" time="0.002" classname="demo.TestNGGroupDemo"/>
  <testcase name="test1" time="0.010" classname="demo.TestNGGroupDemo"/>
</testsuite> <!-- demo.TestNGGroupDemo -->
