<?xml version="1.0" encoding="UTF-8"?>
<!-- Generated by org.testng.reporters.JUnitReportReporter -->
<testsuite skipped="0" hostname="DESKTOP-6M9B03E" name="com.grid.docker.dockerGoogleSearchFireFox" tests="1" failures="0" timestamp="19 Mar 2020 18:42:07 GMT" time="24.061" errors="0">
  <testcase name="googleSearch" time="24.061" classname="com.grid.docker.dockerGoogleSearchFireFox"/>
</testsuite> <!-- com.grid.docker.dockerGoogleSearchFireFox -->
