<?xml version="1.0" encoding="UTF-8"?>
<!-- Generated by org.testng.reporters.JUnitReportReporter -->
<testsuite skipped="0" hostname="DESKTOP-6M9B03E" name="com.grid.docker.dockerGoogleSearchChrome" tests="1" failures="0" timestamp="20 Mar 2020 18:36:23 GMT" time="19.617" errors="0">
  <testcase name="googleSearch" time="19.617" classname="com.grid.docker.dockerGoogleSearchChrome"/>
</testsuite> <!-- com.grid.docker.dockerGoogleSearchChrome -->
