<?xml version="1.0" encoding="UTF-8"?>
<!-- Generated by org.testng.reporters.JUnitReportReporter -->
<testsuite skipped="0" hostname="DESKTOP-6M9B03E" name="singletoneWebDriver.PageTest" tests="1" failures="0" timestamp="28 Jan 2020 20:36:48 GMT" time="6.297" errors="0">
  <testcase name="testMethod" time="6.297" classname="singletoneWebDriver.PageTest"/>
</testsuite> <!-- singletoneWebDriver.PageTest -->
