<?xml version="1.0" encoding="UTF-8"?>
<!-- Generated by org.testng.reporters.JUnitReportReporter -->
<testsuite skipped="0" hostname="DESKTOP-6M9B03E" name="demo.HeadlessChromeDemo" tests="1" failures="0" timestamp="2019-11-22T14:57:23 EST" time="11.511" errors="0">
  <testcase name="test" time="11.511" classname="demo.HeadlessChromeDemo"/>
</testsuite> <!-- demo.HeadlessChromeDemo -->
