<?xml version="1.0" encoding="UTF-8"?>
<!-- Generated by org.testng.reporters.JUnitReportReporter -->
<testsuite skipped="0" hostname="DESKTOP-6M9B03E" name="demo.WindowSizeChromeDemo" tests="1" failures="0" timestamp="18 Mar 2020 15:07:00 GMT" time="41.139" errors="0">
  <testcase name="test" time="41.139" classname="demo.WindowSizeChromeDemo"/>
</testsuite> <!-- demo.WindowSizeChromeDemo -->
