<?xml version="1.0" encoding="UTF-8"?>
<!-- Generated by org.testng.reporters.JUnitReportReporter -->
<testsuite skipped="0" hostname="DESKTOP-6M9B03E" name="com.docker.dockerGoogleSearchChrome" tests="1" failures="0" timestamp="17 Mar 2020 20:11:31 GMT" time="11.291" errors="0">
  <testcase name="googleSearch" time="11.291" classname="com.docker.dockerGoogleSearchChrome"/>
</testsuite> <!-- com.docker.dockerGoogleSearchChrome -->
