<?xml version="1.0" encoding="UTF-8"?>
<!-- Generated by org.testng.reporters.JUnitReportReporter -->
<testsuite skipped="0" hostname="DESKTOP-6M9B03E" name="baseClass.loginTest" tests="1" failures="0" timestamp="2019-12-05T15:45:55 EST" time="15.066" errors="0">
  <testcase name="loginToApplication" time="15.066" classname="baseClass.loginTest"/>
</testsuite> <!-- baseClass.loginTest -->
