<?xml version="1.0" encoding="UTF-8"?>
<!-- Generated by org.testng.reporters.JUnitReportReporter -->
<testsuite skipped="0" hostname="DESKTOP-6M9B03E" name="demo.WindowSizeChromeDemo" tests="1" failures="0" timestamp="2020-04-27T17:17:45 EDT" time="9.426" errors="0">
  <testcase name="login" time="9.426" classname="demo.WindowSizeChromeDemo"/>
  <system-out>
=======Login Ended=======  </system-out>
</testsuite> <!-- demo.WindowSizeChromeDemo -->
