<?xml version="1.0" encoding="UTF-8"?>
<!-- Generated by org.testng.reporters.JUnitReportReporter -->
<testsuite skipped="0" hostname="DESKTOP-6M9B03E" name="demo.WindowSizeChromeDemo" tests="1" failures="0" timestamp="2019-12-03T15:06:15 EST" time="13.541" errors="0">
  <testcase name="test" time="13.541" classname="demo.WindowSizeChromeDemo"/>
</testsuite> <!-- demo.WindowSizeChromeDemo -->
