<?xml version="1.0" encoding="UTF-8"?>
<!-- Generated by org.testng.reporters.JUnitReportReporter -->
<testsuite skipped="0" hostname="DESKTOP-6M9B03E" name="com.wordpress.Testcases.VerifyWordpressLogin" tests="1" failures="0" timestamp="10 Feb 2020 22:29:52 GMT" time="14.182" errors="0">
  <testcase name="VerifyValidLogin" time="14.182" classname="com.wordpress.Testcases.VerifyWordpressLogin"/>
</testsuite> <!-- com.wordpress.Testcases.VerifyWordpressLogin -->
