<?xml version="1.0" encoding="UTF-8"?>
<!-- Generated by org.testng.reporters.JUnitReportReporter -->
<testsuite skipped="0" hostname="DESKTOP-6M9B03E" name="test.googleSearchWithTestNG" tests="1" failures="0" timestamp="2019-11-08T17:13:19 EST" time="2.215" errors="0">
  <testcase name="googleSearchTest" time="2.215" classname="test.googleSearchWithTestNG"/>
</testsuite> <!-- test.googleSearchWithTestNG -->
