<?xml version="1.0" encoding="UTF-8"?>
<!-- Generated by org.testng.reporters.JUnitReportReporter -->
<testsuite skipped="0" hostname="DESKTOP-6M9B03E" name="extentReport.ExtentReportDemo" tests="1" failures="0" timestamp="12 Feb 2020 23:02:16 GMT" time="0.689" errors="0">
  <testcase name="loginTest" time="0.689" classname="extentReport.ExtentReportDemo"/>
</testsuite> <!-- extentReport.ExtentReportDemo -->
