<?xml version="1.0" encoding="UTF-8"?>
<!-- Generated by org.testng.reporters.JUnitReportReporter -->
<testsuite skipped="0" hostname="DESKTOP-6M9B03E" name="com.docker.dockerGoogleSearchFireFox" tests="1" failures="0" timestamp="17 Mar 2020 20:46:59 GMT" time="19.751" errors="0">
  <testcase name="googleSearch" time="19.751" classname="com.docker.dockerGoogleSearchFireFox"/>
</testsuite> <!-- com.docker.dockerGoogleSearchFireFox -->
