<?xml version="1.0" encoding="UTF-8"?>
<!-- Generated by org.testng.reporters.JUnitReportReporter -->
<testsuite skipped="0" hostname="DESKTOP-6M9B03E" name="demo.AutoITDemo" tests="1" failures="0" timestamp="2020-04-22T11:25:21 EDT" time="28.867" errors="0">
  <testcase name="uploadFile" time="28.867" classname="demo.AutoITDemo"/>
  <system-out>
=======Driver-setUp======= =======Navigate to url======= =======Clicking on upload file button======= =======Clicking on upload file button Failed======= =======Give script location======= =======Locating and clicking the image button======= =======finished message======= =======finished message - Failed=======  </system-out>
</testsuite> <!-- demo.AutoITDemo -->
