<?xml version="1.0" encoding="UTF-8"?>
<!-- Generated by org.testng.reporters.JUnitReportReporter -->
<testsuite skipped="0" hostname="DESKTOP-6M9B03E" name="com.docker.compose.dockerGoogleSearchChrome" tests="1" failures="0" timestamp="20 Mar 2020 20:19:14 GMT" time="21.166" errors="0">
  <testcase name="googleSearch" time="21.166" classname="com.docker.compose.dockerGoogleSearchChrome"/>
</testsuite> <!-- com.docker.compose.dockerGoogleSearchChrome -->
