<?xml version="1.0" encoding="UTF-8"?>
<!-- Generated by org.testng.reporters.JUnitReportReporter -->
<testsuite skipped="0" hostname="DESKTOP-6M9B03E" name="demo.AutoITDemo" tests="1" failures="0" timestamp="2019-11-22T17:03:10 EST" time="24.809" errors="0">
  <testcase name="uploadFile" time="24.809" classname="demo.AutoITDemo"/>
</testsuite> <!-- demo.AutoITDemo -->
