<?xml version="1.0" encoding="UTF-8"?>
<!-- Generated by org.testng.reporters.JUnitReportReporter -->
<testsuite skipped="0" hostname="DESKTOP-6M9B03E" name="singletoneWebDriver.PageTest" tests="1" failures="0" timestamp="2019-12-04T18:49:37 EST" time="19.918" errors="0">
  <testcase name="testMethod" time="19.918" classname="singletoneWebDriver.PageTest"/>
</testsuite> <!-- singletoneWebDriver.PageTest -->
