<?xml version="1.0" encoding="UTF-8"?>
<!-- Generated by org.testng.reporters.JUnitReportReporter -->
<testsuite skipped="0" hostname="DESKTOP-6M9B03E" name="singletoneWebDriver.PageTest" tests="1" failures="0" timestamp="2019-12-06T17:06:39 EST" time="5.645" errors="0">
  <testcase name="testMethod" time="5.645" classname="singletoneWebDriver.PageTest"/>
</testsuite> <!-- singletoneWebDriver.PageTest -->
