<?xml version="1.0" encoding="UTF-8"?>
<!-- Generated by org.testng.reporters.JUnitReportReporter -->
<testsuite skipped="0" hostname="DESKTOP-6M9B03E" name="demo.TestShowcaseDesignersSite" tests="6" failures="0" timestamp="2020-04-27T17:32:30 EDT" time="30.752" errors="0">
  <testcase name="openUrl" time="5.367" classname="demo.TestShowcaseDesignersSite"/>
  <system-out>
=======openUrl Started======= =======openUrl Ended=======  </system-out>
  <testcase name="clickOnShowcase" time="5.084" classname="demo.TestShowcaseDesignersSite"/>
  <system-out>
=======clickOnShowcase Started======= =======clickOnShowcase Ended=======  </system-out>
  <testcase name="clickOnServices" time="5.081" classname="demo.TestShowcaseDesignersSite"/>
  <system-out>
=======clickOnServices Started======= =======clickOnServices Ended=======  </system-out>
  <testcase name="clickOnDesigners" time="5.073" classname="demo.TestShowcaseDesignersSite"/>
  <system-out>
=======clickSDesigners Started======= =======clickOnDesigners Ended=======  </system-out>
  <testcase name="clickOnPackages" time="5.079" classname="demo.TestShowcaseDesignersSite"/>
  <system-out>
=======clickOnPackages Started======= =======clickOnPackages Ended=======  </system-out>
  <testcase name="clickOnContact" time="5.068" classname="demo.TestShowcaseDesignersSite"/>
  <system-out>
=======clickOnContact Started======= =======clickOnContact Ended=======  </system-out>
</testsuite> <!-- demo.TestShowcaseDesignersSite -->
