<?xml version="1.0" encoding="UTF-8"?>
<!-- Generated by org.testng.reporters.JUnitReportReporter -->
<testsuite skipped="0" hostname="DESKTOP-6M9B03E" name="demo.TestNGGroupDemo2" tests="2" failures="0" timestamp="2019-11-18T18:50:02 EST" time="0.011" errors="0">
  <testcase name="test5" time="0.000" classname="demo.TestNGGroupDemo2"/>
  <testcase name="test2" time="0.011" classname="demo.TestNGGroupDemo2"/>
</testsuite> <!-- demo.TestNGGroupDemo2 -->
