<?xml version="1.0" encoding="UTF-8"?>
<!-- Generated by org.testng.reporters.JUnitReportReporter -->
<testsuite skipped="0" hostname="DESKTOP-6M9B03E" name="baseClass.invalidLoginTest" tests="2" failures="0" timestamp="28 Jan 2020 20:29:12 GMT" time="15.612" errors="0">
  <testcase name="loginToApplication1" time="7.377" classname="baseClass.invalidLoginTest"/>
  <testcase name="loginToApplication" time="8.235" classname="baseClass.invalidLoginTest"/>
</testsuite> <!-- baseClass.invalidLoginTest -->
